This is pdfTeX, Version 3.141592653-2.6-1.40.26 (TeX Live 2024) (preloaded format=pdflatex 2025.2.3)  6 FEB 2025 17:10
entering extended mode
 restricted \write18 enabled.
 %&-line parsing enabled.
**\nonstopmode\input main.tex
(./main.tex (./lmcs.cls
Document Class: lmcs 2024/09/23 v0.93 LMCS Layout Editor Class
(/usr/local/texlive/2024/texmf-dist/tex/latex/amscls/amsart.cls
Document Class: amsart 2020/05/29 v2.20.6
\linespacing=\dimen140
\normalparindent=\dimen141
\normaltopskip=\skip48
(/usr/local/texlive/2024/texmf-dist/tex/latex/amsmath/amsmath.sty
Package: amsmath 2023/05/13 v2.17o AMS math features
\@mathmargin=\skip49

For additional information on amsmath, use the `?' option.
(/usr/local/texlive/2024/texmf-dist/tex/latex/amsmath/amstext.sty
Package: amstext 2021/08/26 v2.01 AMS text

(/usr/local/texlive/2024/texmf-dist/tex/latex/amsmath/amsgen.sty
File: amsgen.sty 1999/11/30 v2.0 generic functions
\@emptytoks=\toks17
\ex@=\dimen142
))
(/usr/local/texlive/2024/texmf-dist/tex/latex/amsmath/amsbsy.sty
Package: amsbsy 1999/11/29 v1.2d Bold Symbols
\pmbraise@=\dimen143
)
(/usr/local/texlive/2024/texmf-dist/tex/latex/amsmath/amsopn.sty
Package: amsopn 2022/04/08 v2.04 operator names
)
\inf@bad=\count188
LaTeX Info: Redefining \frac on input line 234.
\uproot@=\count189
\leftroot@=\count190
LaTeX Info: Redefining \overline on input line 399.
LaTeX Info: Redefining \colon on input line 410.
\classnum@=\count191
\DOTSCASE@=\count192
LaTeX Info: Redefining \ldots on input line 496.
LaTeX Info: Redefining \dots on input line 499.
LaTeX Info: Redefining \cdots on input line 620.
\Mathstrutbox@=\box51
\strutbox@=\box52
LaTeX Info: Redefining \big on input line 722.
LaTeX Info: Redefining \Big on input line 723.
LaTeX Info: Redefining \bigg on input line 724.
LaTeX Info: Redefining \Bigg on input line 725.
\big@size=\dimen144
LaTeX Font Info:    Redeclaring font encoding OML on input line 743.
LaTeX Font Info:    Redeclaring font encoding OMS on input line 744.
\macc@depth=\count193
LaTeX Info: Redefining \bmod on input line 905.
LaTeX Info: Redefining \pmod on input line 910.
LaTeX Info: Redefining \smash on input line 940.
LaTeX Info: Redefining \relbar on input line 970.
LaTeX Info: Redefining \Relbar on input line 971.
\c@MaxMatrixCols=\count194
\dotsspace@=\muskip16
\c@parentequation=\count195
\dspbrk@lvl=\count196
\tag@help=\toks18
\row@=\count197
\column@=\count198
\maxfields@=\count199
\andhelp@=\toks19
\eqnshift@=\dimen145
\alignsep@=\dimen146
\tagshift@=\dimen147
\tagwidth@=\dimen148
\totwidth@=\dimen149
\lineht@=\dimen150
\@envbody=\toks20
\multlinegap=\skip50
\multlinetaggap=\skip51
\mathdisplay@stack=\toks21
LaTeX Info: Redefining \[ on input line 2953.
LaTeX Info: Redefining \] on input line 2954.
)
LaTeX Font Info:    Trying to load font information for U+msa on input line 397
.

(/usr/local/texlive/2024/texmf-dist/tex/latex/amsfonts/umsa.fd
File: umsa.fd 2013/01/14 v3.01 AMS symbols A
)
(/usr/local/texlive/2024/texmf-dist/tex/latex/amsfonts/amsfonts.sty
Package: amsfonts 2013/01/14 v3.01 Basic AMSFonts support
\symAMSa=\mathgroup4
\symAMSb=\mathgroup5
LaTeX Font Info:    Redeclaring math symbol \hbar on input line 98.
LaTeX Font Info:    Overwriting math alphabet `\mathfrak' in version `bold'
(Font)                  U/euf/m/n --> U/euf/b/n on input line 106.
)
\copyins=\insert252
\abstractbox=\box53
\listisep=\skip52
\c@part=\count266
\c@section=\count267
\c@subsection=\count268
\c@subsubsection=\count269
\c@paragraph=\count270
\c@subparagraph=\count271
\c@figure=\count272
\c@table=\count273
\abovecaptionskip=\skip53
\belowcaptionskip=\skip54
\captionindent=\dimen151
\thm@style=\toks22
\thm@bodyfont=\toks23
\thm@headfont=\toks24
\thm@notefont=\toks25
\thm@headpunct=\toks26
\thm@preskip=\skip55
\thm@postskip=\skip56
\thm@headsep=\skip57
\dth@everypar=\toks27
)
(/usr/local/texlive/2024/texmf-dist/tex/latex/cclicenses/cclicenses.sty
Package: cclicenses 2005/05/20 v0.4 CC licenses typesetting

(/usr/local/texlive/2024/texmf-dist/tex/latex/graphics/rotating.sty
Package: rotating 2016/08/11 v2.16d rotated objects in LaTeX

(/usr/local/texlive/2024/texmf-dist/tex/latex/graphics/graphicx.sty
Package: graphicx 2021/09/16 v1.2d Enhanced LaTeX Graphics (DPC,SPQR)

(/usr/local/texlive/2024/texmf-dist/tex/latex/graphics/keyval.sty
Package: keyval 2022/05/29 v1.15 key=value parser (DPC)
\KV@toks@=\toks28
)
(/usr/local/texlive/2024/texmf-dist/tex/latex/graphics/graphics.sty
Package: graphics 2022/03/10 v1.4e Standard LaTeX Graphics (DPC,SPQR)

(/usr/local/texlive/2024/texmf-dist/tex/latex/graphics/trig.sty
Package: trig 2021/08/11 v1.11 sin cos tan (DPC)
)
(/usr/local/texlive/2024/texmf-dist/tex/latex/graphics-cfg/graphics.cfg
File: graphics.cfg 2016/06/04 v1.11 sample graphics configuration
)
Package graphics Info: Driver file: pdftex.def on input line 107.

(/usr/local/texlive/2024/texmf-dist/tex/latex/graphics-def/pdftex.def
File: pdftex.def 2022/09/22 v1.2b Graphics/color driver for pdftex
))
\Gin@req@height=\dimen152
\Gin@req@width=\dimen153
)
(/usr/local/texlive/2024/texmf-dist/tex/latex/base/ifthen.sty
Package: ifthen 2022/04/13 v1.1d Standard LaTeX ifthen package (DPC)
)
\c@r@tfl@t=\count274
\rotFPtop=\skip58
\rotFPbot=\skip59
\rot@float@box=\box54
\rot@mess@toks=\toks29
)
\chardim=\dimen154
\hdim=\dimen155
\htmp=\dimen156
\hpos=\count275
\vpos=\count276
)
(/usr/local/texlive/2024/texmf-dist/tex/latex/enumitem/enumitem.sty
Package: enumitem 2019/06/20 v3.9 Customized lists
\labelindent=\skip60
\enit@outerparindent=\dimen157
\enit@toks=\toks30
\enit@inbox=\box55
\enit@count@id=\count277
\enitdp@description=\count278
)
(/usr/local/texlive/2024/texmf-dist/tex/latex/microtype/microtype.sty
Package: microtype 2023/03/13 v3.1a Micro-typographical refinements (RS)

(/usr/local/texlive/2024/texmf-dist/tex/latex/etoolbox/etoolbox.sty
Package: etoolbox 2020/10/05 v2.5k e-TeX tools for LaTeX (JAW)
\etb@tempcnta=\count279
)
\MT@toks=\toks31
\MT@tempbox=\box56
\MT@count=\count280
LaTeX Info: Redefining \noprotrusionifhmode on input line 1059.
LaTeX Info: Redefining \leftprotrusion on input line 1060.
\MT@prot@toks=\toks32
LaTeX Info: Redefining \rightprotrusion on input line 1078.
LaTeX Info: Redefining \textls on input line 1368.
\MT@outer@kern=\dimen158
LaTeX Info: Redefining \textmicrotypecontext on input line 1988.
\MT@listname@count=\count281

(/usr/local/texlive/2024/texmf-dist/tex/latex/microtype/microtype-pdftex.def
File: microtype-pdftex.def 2023/03/13 v3.1a Definitions specific to pdftex (RS)

LaTeX Info: Redefining \lsstyle on input line 902.
LaTeX Info: Redefining \lslig on input line 902.
\MT@outer@space=\skip61
)
Package microtype Info: Loading configuration file microtype.cfg.

(/usr/local/texlive/2024/texmf-dist/tex/latex/microtype/microtype.cfg
File: microtype.cfg 2023/03/13 v3.1a microtype main configuration file (RS)
))
(/usr/local/texlive/2024/texmf-dist/tex/latex/pgf/frontendlayer/tikz.sty
(/usr/local/texlive/2024/texmf-dist/tex/latex/pgf/basiclayer/pgf.sty
(/usr/local/texlive/2024/texmf-dist/tex/latex/pgf/utilities/pgfrcs.sty
(/usr/local/texlive/2024/texmf-dist/tex/generic/pgf/utilities/pgfutil-common.te
x
\pgfutil@everybye=\toks33
\pgfutil@tempdima=\dimen159
\pgfutil@tempdimb=\dimen160
)
(/usr/local/texlive/2024/texmf-dist/tex/generic/pgf/utilities/pgfutil-latex.def
\pgfutil@abb=\box57
) (/usr/local/texlive/2024/texmf-dist/tex/generic/pgf/utilities/pgfrcs.code.tex
(/usr/local/texlive/2024/texmf-dist/tex/generic/pgf/pgf.revision.tex)
Package: pgfrcs 2023-01-15 v3.1.10 (3.1.10)
))
Package: pgf 2023-01-15 v3.1.10 (3.1.10)

(/usr/local/texlive/2024/texmf-dist/tex/latex/pgf/basiclayer/pgfcore.sty
(/usr/local/texlive/2024/texmf-dist/tex/latex/pgf/systemlayer/pgfsys.sty
(/usr/local/texlive/2024/texmf-dist/tex/generic/pgf/systemlayer/pgfsys.code.tex
Package: pgfsys 2023-01-15 v3.1.10 (3.1.10)
(/usr/local/texlive/2024/texmf-dist/tex/generic/pgf/utilities/pgfkeys.code.tex
\pgfkeys@pathtoks=\toks34
\pgfkeys@temptoks=\toks35

(/usr/local/texlive/2024/texmf-dist/tex/generic/pgf/utilities/pgfkeyslibraryfil
tered.code.tex
\pgfkeys@tmptoks=\toks36
))
\pgf@x=\dimen161
\pgf@y=\dimen162
\pgf@xa=\dimen163
\pgf@ya=\dimen164
\pgf@xb=\dimen165
\pgf@yb=\dimen166
\pgf@xc=\dimen167
\pgf@yc=\dimen168
\pgf@xd=\dimen169
\pgf@yd=\dimen170
\w@pgf@writea=\write3
\r@pgf@reada=\read2
\c@pgf@counta=\count282
\c@pgf@countb=\count283
\c@pgf@countc=\count284
\c@pgf@countd=\count285
\t@pgf@toka=\toks37
\t@pgf@tokb=\toks38
\t@pgf@tokc=\toks39
\pgf@sys@id@count=\count286

(/usr/local/texlive/2024/texmf-dist/tex/generic/pgf/systemlayer/pgf.cfg
File: pgf.cfg 2023-01-15 v3.1.10 (3.1.10)
)
Driver file for pgf: pgfsys-pdftex.def

(/usr/local/texlive/2024/texmf-dist/tex/generic/pgf/systemlayer/pgfsys-pdftex.d
ef
File: pgfsys-pdftex.def 2023-01-15 v3.1.10 (3.1.10)

(/usr/local/texlive/2024/texmf-dist/tex/generic/pgf/systemlayer/pgfsys-common-p
df.def
File: pgfsys-common-pdf.def 2023-01-15 v3.1.10 (3.1.10)
)))
(/usr/local/texlive/2024/texmf-dist/tex/generic/pgf/systemlayer/pgfsyssoftpath.
code.tex
File: pgfsyssoftpath.code.tex 2023-01-15 v3.1.10 (3.1.10)
\pgfsyssoftpath@smallbuffer@items=\count287
\pgfsyssoftpath@bigbuffer@items=\count288
)
(/usr/local/texlive/2024/texmf-dist/tex/generic/pgf/systemlayer/pgfsysprotocol.
code.tex
File: pgfsysprotocol.code.tex 2023-01-15 v3.1.10 (3.1.10)
)) (/usr/local/texlive/2024/texmf-dist/tex/latex/xcolor/xcolor.sty
Package: xcolor 2023/11/15 v3.01 LaTeX color extensions (UK)

(/usr/local/texlive/2024/texmf-dist/tex/latex/graphics-cfg/color.cfg
File: color.cfg 2016/01/02 v1.6 sample color configuration
)
Package xcolor Info: Driver file: pdftex.def on input line 274.

(/usr/local/texlive/2024/texmf-dist/tex/latex/graphics/mathcolor.ltx)
Package xcolor Info: Model `cmy' substituted by `cmy0' on input line 1350.
Package xcolor Info: Model `hsb' substituted by `rgb' on input line 1354.
Package xcolor Info: Model `RGB' extended on input line 1366.
Package xcolor Info: Model `HTML' substituted by `rgb' on input line 1368.
Package xcolor Info: Model `Hsb' substituted by `hsb' on input line 1369.
Package xcolor Info: Model `tHsb' substituted by `hsb' on input line 1370.
Package xcolor Info: Model `HSB' substituted by `hsb' on input line 1371.
Package xcolor Info: Model `Gray' substituted by `gray' on input line 1372.
Package xcolor Info: Model `wave' substituted by `hsb' on input line 1373.
)
(/usr/local/texlive/2024/texmf-dist/tex/generic/pgf/basiclayer/pgfcore.code.tex
Package: pgfcore 2023-01-15 v3.1.10 (3.1.10)
(/usr/local/texlive/2024/texmf-dist/tex/generic/pgf/math/pgfmath.code.tex
(/usr/local/texlive/2024/texmf-dist/tex/generic/pgf/math/pgfmathutil.code.tex)
(/usr/local/texlive/2024/texmf-dist/tex/generic/pgf/math/pgfmathparser.code.tex
\pgfmath@dimen=\dimen171
\pgfmath@count=\count289
\pgfmath@box=\box58
\pgfmath@toks=\toks40
\pgfmath@stack@operand=\toks41
\pgfmath@stack@operation=\toks42
)
(/usr/local/texlive/2024/texmf-dist/tex/generic/pgf/math/pgfmathfunctions.code.
tex)
(/usr/local/texlive/2024/texmf-dist/tex/generic/pgf/math/pgfmathfunctions.basic
.code.tex)
(/usr/local/texlive/2024/texmf-dist/tex/generic/pgf/math/pgfmathfunctions.trigo
nometric.code.tex)
(/usr/local/texlive/2024/texmf-dist/tex/generic/pgf/math/pgfmathfunctions.rando
m.code.tex)
(/usr/local/texlive/2024/texmf-dist/tex/generic/pgf/math/pgfmathfunctions.compa
rison.code.tex)
(/usr/local/texlive/2024/texmf-dist/tex/generic/pgf/math/pgfmathfunctions.base.
code.tex)
(/usr/local/texlive/2024/texmf-dist/tex/generic/pgf/math/pgfmathfunctions.round
.code.tex)
(/usr/local/texlive/2024/texmf-dist/tex/generic/pgf/math/pgfmathfunctions.misc.
code.tex)
(/usr/local/texlive/2024/texmf-dist/tex/generic/pgf/math/pgfmathfunctions.integ
erarithmetics.code.tex)
(/usr/local/texlive/2024/texmf-dist/tex/generic/pgf/math/pgfmathcalc.code.tex)
(/usr/local/texlive/2024/texmf-dist/tex/generic/pgf/math/pgfmathfloat.code.tex
\c@pgfmathroundto@lastzeros=\count290
)) (/usr/local/texlive/2024/texmf-dist/tex/generic/pgf/math/pgfint.code.tex)
(/usr/local/texlive/2024/texmf-dist/tex/generic/pgf/basiclayer/pgfcorepoints.co
de.tex
File: pgfcorepoints.code.tex 2023-01-15 v3.1.10 (3.1.10)
\pgf@picminx=\dimen172
\pgf@picmaxx=\dimen173
\pgf@picminy=\dimen174
\pgf@picmaxy=\dimen175
\pgf@pathminx=\dimen176
\pgf@pathmaxx=\dimen177
\pgf@pathminy=\dimen178
\pgf@pathmaxy=\dimen179
\pgf@xx=\dimen180
\pgf@xy=\dimen181
\pgf@yx=\dimen182
\pgf@yy=\dimen183
\pgf@zx=\dimen184
\pgf@zy=\dimen185
)
(/usr/local/texlive/2024/texmf-dist/tex/generic/pgf/basiclayer/pgfcorepathconst
ruct.code.tex
File: pgfcorepathconstruct.code.tex 2023-01-15 v3.1.10 (3.1.10)
\pgf@path@lastx=\dimen186
\pgf@path@lasty=\dimen187
)
(/usr/local/texlive/2024/texmf-dist/tex/generic/pgf/basiclayer/pgfcorepathusage
.code.tex
File: pgfcorepathusage.code.tex 2023-01-15 v3.1.10 (3.1.10)
\pgf@shorten@end@additional=\dimen188
\pgf@shorten@start@additional=\dimen189
)
(/usr/local/texlive/2024/texmf-dist/tex/generic/pgf/basiclayer/pgfcorescopes.co
de.tex
File: pgfcorescopes.code.tex 2023-01-15 v3.1.10 (3.1.10)
\pgfpic=\box59
\pgf@hbox=\box60
\pgf@layerbox@main=\box61
\pgf@picture@serial@count=\count291
)
(/usr/local/texlive/2024/texmf-dist/tex/generic/pgf/basiclayer/pgfcoregraphicst
ate.code.tex
File: pgfcoregraphicstate.code.tex 2023-01-15 v3.1.10 (3.1.10)
\pgflinewidth=\dimen190
)
(/usr/local/texlive/2024/texmf-dist/tex/generic/pgf/basiclayer/pgfcoretransform
ations.code.tex
File: pgfcoretransformations.code.tex 2023-01-15 v3.1.10 (3.1.10)
\pgf@pt@x=\dimen191
\pgf@pt@y=\dimen192
\pgf@pt@temp=\dimen193
)
(/usr/local/texlive/2024/texmf-dist/tex/generic/pgf/basiclayer/pgfcorequick.cod
e.tex
File: pgfcorequick.code.tex 2023-01-15 v3.1.10 (3.1.10)
)
(/usr/local/texlive/2024/texmf-dist/tex/generic/pgf/basiclayer/pgfcoreobjects.c
ode.tex
File: pgfcoreobjects.code.tex 2023-01-15 v3.1.10 (3.1.10)
)
(/usr/local/texlive/2024/texmf-dist/tex/generic/pgf/basiclayer/pgfcorepathproce
ssing.code.tex
File: pgfcorepathprocessing.code.tex 2023-01-15 v3.1.10 (3.1.10)
)
(/usr/local/texlive/2024/texmf-dist/tex/generic/pgf/basiclayer/pgfcorearrows.co
de.tex
File: pgfcorearrows.code.tex 2023-01-15 v3.1.10 (3.1.10)
\pgfarrowsep=\dimen194
)
(/usr/local/texlive/2024/texmf-dist/tex/generic/pgf/basiclayer/pgfcoreshade.cod
e.tex
File: pgfcoreshade.code.tex 2023-01-15 v3.1.10 (3.1.10)
\pgf@max=\dimen195
\pgf@sys@shading@range@num=\count292
\pgf@shadingcount=\count293
)
(/usr/local/texlive/2024/texmf-dist/tex/generic/pgf/basiclayer/pgfcoreimage.cod
e.tex
File: pgfcoreimage.code.tex 2023-01-15 v3.1.10 (3.1.10)
)
(/usr/local/texlive/2024/texmf-dist/tex/generic/pgf/basiclayer/pgfcoreexternal.
code.tex
File: pgfcoreexternal.code.tex 2023-01-15 v3.1.10 (3.1.10)
\pgfexternal@startupbox=\box62
)
(/usr/local/texlive/2024/texmf-dist/tex/generic/pgf/basiclayer/pgfcorelayers.co
de.tex
File: pgfcorelayers.code.tex 2023-01-15 v3.1.10 (3.1.10)
)
(/usr/local/texlive/2024/texmf-dist/tex/generic/pgf/basiclayer/pgfcoretranspare
ncy.code.tex
File: pgfcoretransparency.code.tex 2023-01-15 v3.1.10 (3.1.10)
)
(/usr/local/texlive/2024/texmf-dist/tex/generic/pgf/basiclayer/pgfcorepatterns.
code.tex
File: pgfcorepatterns.code.tex 2023-01-15 v3.1.10 (3.1.10)
)
(/usr/local/texlive/2024/texmf-dist/tex/generic/pgf/basiclayer/pgfcorerdf.code.
tex
File: pgfcorerdf.code.tex 2023-01-15 v3.1.10 (3.1.10)
)))
(/usr/local/texlive/2024/texmf-dist/tex/generic/pgf/modules/pgfmoduleshapes.cod
e.tex
File: pgfmoduleshapes.code.tex 2023-01-15 v3.1.10 (3.1.10)
\pgfnodeparttextbox=\box63
)
(/usr/local/texlive/2024/texmf-dist/tex/generic/pgf/modules/pgfmoduleplot.code.
tex
File: pgfmoduleplot.code.tex 2023-01-15 v3.1.10 (3.1.10)
)
(/usr/local/texlive/2024/texmf-dist/tex/latex/pgf/compatibility/pgfcomp-version
-0-65.sty
Package: pgfcomp-version-0-65 2023-01-15 v3.1.10 (3.1.10)
\pgf@nodesepstart=\dimen196
\pgf@nodesepend=\dimen197
)
(/usr/local/texlive/2024/texmf-dist/tex/latex/pgf/compatibility/pgfcomp-version
-1-18.sty
Package: pgfcomp-version-1-18 2023-01-15 v3.1.10 (3.1.10)
))
(/usr/local/texlive/2024/texmf-dist/tex/latex/pgf/utilities/pgffor.sty
(/usr/local/texlive/2024/texmf-dist/tex/latex/pgf/utilities/pgfkeys.sty
(/usr/local/texlive/2024/texmf-dist/tex/generic/pgf/utilities/pgfkeys.code.tex)
) (/usr/local/texlive/2024/texmf-dist/tex/latex/pgf/math/pgfmath.sty
(/usr/local/texlive/2024/texmf-dist/tex/generic/pgf/math/pgfmath.code.tex))
(/usr/local/texlive/2024/texmf-dist/tex/generic/pgf/utilities/pgffor.code.tex
Package: pgffor 2023-01-15 v3.1.10 (3.1.10)
\pgffor@iter=\dimen198
\pgffor@skip=\dimen199
\pgffor@stack=\toks43
\pgffor@toks=\toks44
))
(/usr/local/texlive/2024/texmf-dist/tex/generic/pgf/frontendlayer/tikz/tikz.cod
e.tex
Package: tikz 2023-01-15 v3.1.10 (3.1.10)

(/usr/local/texlive/2024/texmf-dist/tex/generic/pgf/libraries/pgflibraryplothan
dlers.code.tex
File: pgflibraryplothandlers.code.tex 2023-01-15 v3.1.10 (3.1.10)
\pgf@plot@mark@count=\count294
\pgfplotmarksize=\dimen256
)
\tikz@lastx=\dimen257
\tikz@lasty=\dimen258
\tikz@lastxsaved=\dimen259
\tikz@lastysaved=\dimen260
\tikz@lastmovetox=\dimen261
\tikz@lastmovetoy=\dimen262
\tikzleveldistance=\dimen263
\tikzsiblingdistance=\dimen264
\tikz@figbox=\box64
\tikz@figbox@bg=\box65
\tikz@tempbox=\box66
\tikz@tempbox@bg=\box67
\tikztreelevel=\count295
\tikznumberofchildren=\count296
\tikznumberofcurrentchild=\count297
\tikz@fig@count=\count298

(/usr/local/texlive/2024/texmf-dist/tex/generic/pgf/modules/pgfmodulematrix.cod
e.tex
File: pgfmodulematrix.code.tex 2023-01-15 v3.1.10 (3.1.10)
\pgfmatrixcurrentrow=\count299
\pgfmatrixcurrentcolumn=\count300
\pgf@matrix@numberofcolumns=\count301
)
\tikz@expandcount=\count302

(/usr/local/texlive/2024/texmf-dist/tex/generic/pgf/frontendlayer/tikz/librarie
s/tikzlibrarytopaths.code.tex
File: tikzlibrarytopaths.code.tex 2023-01-15 v3.1.10 (3.1.10)
)))
(/usr/local/texlive/2024/texmf-dist/tex/latex/thmtools/thmtools.sty
Package: thmtools 2023/05/04 v0.76
\thmt@toks=\toks45
\c@thmt@dummyctr=\count303

(/usr/local/texlive/2024/texmf-dist/tex/latex/thmtools/thm-patch.sty
Package: thm-patch 2023/05/04 v0.76

(/usr/local/texlive/2024/texmf-dist/tex/latex/thmtools/parseargs.sty
Package: parseargs 2023/05/04 v0.76
\@parsespec=\toks46
))
(/usr/local/texlive/2024/texmf-dist/tex/latex/thmtools/thm-kv.sty
Package: thm-kv 2023/05/04 v0.76
Package thm-kv Info: Theorem names will be uppercased on input line 42.

(/usr/local/texlive/2024/texmf-dist/tex/latex/kvsetkeys/kvsetkeys.sty
Package: kvsetkeys 2022-10-05 v1.19 Key value parser (HO)
)
Package thm-kv Info: kvsetkeys patch (v1.16 or later) on input line 158.
)
(/usr/local/texlive/2024/texmf-dist/tex/latex/thmtools/thm-autoref.sty
Package: thm-autoref 2023/05/04 v0.76

(/usr/local/texlive/2024/texmf-dist/tex/latex/thmtools/aliasctr.sty
Package: aliasctr 2023/05/04 v0.76
))
(/usr/local/texlive/2024/texmf-dist/tex/latex/thmtools/thm-listof.sty
Package: thm-listof 2023/05/04 v0.76
)
(/usr/local/texlive/2024/texmf-dist/tex/latex/thmtools/thm-restate.sty
Package: thm-restate 2023/05/04 v0.76
)
(/usr/local/texlive/2024/texmf-dist/tex/latex/thmtools/thm-amsthm.sty
Package: thm-amsthm 2023/05/04 v0.76
\thmt@style@headstyle=\toks47
))
\revisionbox=\box68

(/usr/local/texlive/2024/texmf-dist/tex/latex/l3packages/xparse/xparse.sty
(/usr/local/texlive/2024/texmf-dist/tex/latex/l3kernel/expl3.sty
Package: expl3 2024-02-20 L3 programming layer (loader) 

(/usr/local/texlive/2024/texmf-dist/tex/latex/l3backend/l3backend-pdftex.def
File: l3backend-pdftex.def 2024-02-20 L3 backend support: PDF output (pdfTeX)
\l__color_backend_stack_int=\count304
\l__pdf_internal_box=\box69
))
Package: xparse 2024-02-18 L3 Experimental document command parser
)
\c@addresstotalcount=\count305
(/usr/local/texlive/2024/texmf-dist/tex/latex/mathtools/mathtools.sty
Package: mathtools 2024/03/11 v1.30 mathematical typesetting tools

(/usr/local/texlive/2024/texmf-dist/tex/latex/tools/calc.sty
Package: calc 2023/07/08 v4.3 Infix arithmetic (KKT,FJ)
\calc@Acount=\count306
\calc@Bcount=\count307
\calc@Adimen=\dimen265
\calc@Bdimen=\dimen266
\calc@Askip=\skip62
\calc@Bskip=\skip63
LaTeX Info: Redefining \setlength on input line 80.
LaTeX Info: Redefining \addtolength on input line 81.
\calc@Ccount=\count308
\calc@Cskip=\skip64
)
(/usr/local/texlive/2024/texmf-dist/tex/latex/mathtools/mhsetup.sty
Package: mhsetup 2021/03/18 v1.4 programming setup (MH)
)
\g_MT_multlinerow_int=\count309
\l_MT_multwidth_dim=\dimen267
\origjot=\skip65
\l_MT_shortvdotswithinadjustabove_dim=\dimen268
\l_MT_shortvdotswithinadjustbelow_dim=\dimen269
\l_MT_above_intertext_sep=\dimen270
\l_MT_below_intertext_sep=\dimen271
\l_MT_above_shortintertext_sep=\dimen272
\l_MT_below_shortintertext_sep=\dimen273
\xmathstrut@box=\box70
\xmathstrut@dim=\dimen274
)
\c@addressctr=\count310
\copyins=\insert251
\c@thm=\count311
\lmcsQEDSymbol=\box71

(/usr/local/texlive/2024/texmf-dist/tex/generic/pgf/frontendlayer/tikz/librarie
s/tikzlibrarysvg.path.code.tex
File: tikzlibrarysvg.path.code.tex 2023-01-15 v3.1.10 (3.1.10)

(/usr/local/texlive/2024/texmf-dist/tex/generic/pgf/libraries/pgflibrarysvg.pat
h.code.tex
File: pgflibrarysvg.path.code.tex 2023-01-15 v3.1.10 (3.1.10)

(/usr/local/texlive/2024/texmf-dist/tex/generic/pgf/modules/pgfmoduleparser.cod
e.tex
File: pgfmoduleparser.code.tex 2023-01-15 v3.1.10 (3.1.10)
\pgfparserdef@arg@count=\count312
)
\pgf@lib@svg@last@x=\dimen275
\pgf@lib@svg@last@y=\dimen276
\pgf@lib@svg@last@c@x=\dimen277
\pgf@lib@svg@last@c@y=\dimen278
\pgf@lib@svg@count=\count313
\pgf@lib@svg@max@num=\count314
))
\@lmcscurXheight=\skip66

\bibstyle{alphaurl}
) (/usr/local/texlive/2024/texmf-dist/tex/latex/hyperref/hyperref.sty
Package: hyperref 2024-01-20 v7.01h Hypertext links for LaTeX

(/usr/local/texlive/2024/texmf-dist/tex/generic/iftex/iftex.sty
Package: iftex 2022/02/03 v1.0f TeX engine tests
)
(/usr/local/texlive/2024/texmf-dist/tex/generic/kvdefinekeys/kvdefinekeys.sty
Package: kvdefinekeys 2019-12-19 v1.6 Define keys (HO)
)
(/usr/local/texlive/2024/texmf-dist/tex/generic/pdfescape/pdfescape.sty
Package: pdfescape 2019/12/09 v1.15 Implements pdfTeX's escape features (HO)

(/usr/local/texlive/2024/texmf-dist/tex/generic/ltxcmds/ltxcmds.sty
Package: ltxcmds 2023-12-04 v1.26 LaTeX kernel commands for general use (HO)
)
(/usr/local/texlive/2024/texmf-dist/tex/generic/pdftexcmds/pdftexcmds.sty
Package: pdftexcmds 2020-06-27 v0.33 Utility functions of pdfTeX for LuaTeX (HO
)

(/usr/local/texlive/2024/texmf-dist/tex/generic/infwarerr/infwarerr.sty
Package: infwarerr 2019/12/03 v1.5 Providing info/warning/error messages (HO)
)
Package pdftexcmds Info: \pdf@primitive is available.
Package pdftexcmds Info: \pdf@ifprimitive is available.
Package pdftexcmds Info: \pdfdraftmode found.
))
(/usr/local/texlive/2024/texmf-dist/tex/latex/hycolor/hycolor.sty
Package: hycolor 2020-01-27 v1.10 Color options for hyperref/bookmark (HO)
)
(/usr/local/texlive/2024/texmf-dist/tex/latex/auxhook/auxhook.sty
Package: auxhook 2019-12-17 v1.6 Hooks for auxiliary files (HO)
)
(/usr/local/texlive/2024/texmf-dist/tex/latex/hyperref/nameref.sty
Package: nameref 2023-11-26 v2.56 Cross-referencing by name of section

(/usr/local/texlive/2024/texmf-dist/tex/latex/refcount/refcount.sty
Package: refcount 2019/12/15 v3.6 Data extraction from label references (HO)
)
(/usr/local/texlive/2024/texmf-dist/tex/generic/gettitlestring/gettitlestring.s
ty
Package: gettitlestring 2019/12/15 v1.6 Cleanup title references (HO)
 (/usr/local/texlive/2024/texmf-dist/tex/latex/kvoptions/kvoptions.sty
Package: kvoptions 2022-06-15 v3.15 Key value format for package options (HO)
))
\c@section@level=\count315
)
\@linkdim=\dimen279
\Hy@linkcounter=\count316
\Hy@pagecounter=\count317

(/usr/local/texlive/2024/texmf-dist/tex/latex/hyperref/pd1enc.def
File: pd1enc.def 2024-01-20 v7.01h Hyperref: PDFDocEncoding definition (HO)
Now handling font encoding PD1 ...
... no UTF-8 mapping file for font encoding PD1
)
(/usr/local/texlive/2024/texmf-dist/tex/generic/intcalc/intcalc.sty
Package: intcalc 2019/12/15 v1.3 Expandable calculations with integers (HO)
)
\Hy@SavedSpaceFactor=\count318

(/usr/local/texlive/2024/texmf-dist/tex/latex/hyperref/puenc.def
File: puenc.def 2024-01-20 v7.01h Hyperref: PDF Unicode definition (HO)
Now handling font encoding PU ...
... no UTF-8 mapping file for font encoding PU
)
Package hyperref Info: Hyper figures OFF on input line 4179.
Package hyperref Info: Link nesting OFF on input line 4184.
Package hyperref Info: Hyper index ON on input line 4187.
Package hyperref Info: Plain pages OFF on input line 4194.
Package hyperref Info: Backreferencing OFF on input line 4199.
Package hyperref Info: Implicit mode ON; LaTeX internals redefined.
Package hyperref Info: Bookmarks ON on input line 4446.
\c@Hy@tempcnt=\count319

(/usr/local/texlive/2024/texmf-dist/tex/latex/url/url.sty
\Urlmuskip=\muskip17
Package: url 2013/09/16  ver 3.4  Verb mode for urls, etc.
)
LaTeX Info: Redefining \url on input line 4784.
\XeTeXLinkMargin=\dimen280

(/usr/local/texlive/2024/texmf-dist/tex/generic/bitset/bitset.sty
Package: bitset 2019/12/09 v1.3 Handle bit-vector datatype (HO)

(/usr/local/texlive/2024/texmf-dist/tex/generic/bigintcalc/bigintcalc.sty
Package: bigintcalc 2019/12/15 v1.5 Expandable calculations on big integers (HO
)
))
\Fld@menulength=\count320
\Field@Width=\dimen281
\Fld@charsize=\dimen282
Package hyperref Info: Hyper figures OFF on input line 6063.
Package hyperref Info: Link nesting OFF on input line 6068.
Package hyperref Info: Hyper index ON on input line 6071.
Package hyperref Info: backreferencing OFF on input line 6078.
Package hyperref Info: Link coloring OFF on input line 6083.
Package hyperref Info: Link coloring with OCG OFF on input line 6088.
Package hyperref Info: PDF/A mode OFF on input line 6093.

(/usr/local/texlive/2024/texmf-dist/tex/latex/base/atbegshi-ltx.sty
Package: atbegshi-ltx 2021/01/10 v1.0c Emulation of the original atbegshi
package with kernel methods
)
\Hy@abspage=\count321
\c@Item=\count322
\c@Hfootnote=\count323
)
Package hyperref Info: Driver (autodetected): hpdftex.

(/usr/local/texlive/2024/texmf-dist/tex/latex/hyperref/hpdftex.def
File: hpdftex.def 2024-01-20 v7.01h Hyperref driver for pdfTeX

(/usr/local/texlive/2024/texmf-dist/tex/latex/base/atveryend-ltx.sty
Package: atveryend-ltx 2020/08/19 v1.0a Emulation of the original atveryend pac
kage
with kernel methods
)
\Fld@listcount=\count324
\c@bookmark@seq@number=\count325

(/usr/local/texlive/2024/texmf-dist/tex/latex/rerunfilecheck/rerunfilecheck.sty
Package: rerunfilecheck 2022-07-10 v1.10 Rerun checks for auxiliary files (HO)

(/usr/local/texlive/2024/texmf-dist/tex/generic/uniquecounter/uniquecounter.sty
Package: uniquecounter 2019/12/15 v1.4 Provide unlimited unique counter (HO)
)
Package uniquecounter Info: New unique counter `rerunfilecheck' on input line 2
85.
)
\Hy@SectionHShift=\skip67
) (/usr/local/texlive/2024/texmf-dist/tex/latex/wrapfig/wrapfig.sty
\wrapoverhang=\dimen283
\WF@size=\dimen284
\c@WF@wrappedlines=\count326
\WF@box=\box72
\WF@everypar=\toks48
Package: wrapfig 2003/01/31  v 3.6
)
(./sml-highlight.sty
Package: sml-highlight 2023/03/14 v0.01 LaTeX package for highlighting our Smar
t Contract Language

(/usr/local/texlive/2024/texmf-dist/tex/latex/listings/listings.sty
\lst@mode=\count327
\lst@gtempboxa=\box73
\lst@token=\toks49
\lst@length=\count328
\lst@currlwidth=\dimen285
\lst@column=\count329
\lst@pos=\count330
\lst@lostspace=\dimen286
\lst@width=\dimen287
\lst@newlines=\count331
\lst@lineno=\count332
\lst@maxwidth=\dimen288

(/usr/local/texlive/2024/texmf-dist/tex/latex/listings/lstpatch.sty
File: lstpatch.sty 2024/02/21 1.10 (Carsten Heinz)
)
(/usr/local/texlive/2024/texmf-dist/tex/latex/listings/lstmisc.sty
File: lstmisc.sty 2024/02/21 1.10 (Carsten Heinz)
\c@lstnumber=\count333
\lst@skipnumbers=\count334
\lst@framebox=\box74
)
(/usr/local/texlive/2024/texmf-dist/tex/latex/listings/listings.cfg
File: listings.cfg 2024/02/21 1.10 listings configuration
))
Package: listings 2024/02/21 1.10 (Carsten Heinz)
)
(/usr/local/texlive/2024/texmf-dist/tex/latex/epstopdf-pkg/epstopdf.sty
Package: epstopdf 2020-01-24 v2.11 Conversion with epstopdf on the fly (HO)

(/usr/local/texlive/2024/texmf-dist/tex/latex/grfext/grfext.sty
Package: grfext 2019/12/03 v1.3 Manage graphics extensions (HO)
)
(/usr/local/texlive/2024/texmf-dist/tex/latex/epstopdf-pkg/epstopdf-base.sty
Package: epstopdf-base 2020-01-24 v2.11 Base part for package epstopdf
Package epstopdf-base Info: Redefining graphics rule for `.eps' on input line 4
85.
Package grfext Info: Graphics extension search list:
(grfext)             [.pdf,.png,.jpg,.mps,.jpeg,.jbig2,.jb2,.PDF,.PNG,.JPG,.JPE
G,.JBIG2,.JB2,.eps]
(grfext)             \AppendGraphicsExtensions on input line 504.

(/usr/local/texlive/2024/texmf-dist/tex/latex/latexconfig/epstopdf-sys.cfg
File: epstopdf-sys.cfg 2010/07/13 v1.3 Configuration of (r)epstopdf for TeX Liv
e
)))
(/usr/local/texlive/2024/texmf-dist/tex/latex/base/inputenc.sty
Package: inputenc 2021/02/14 v1.3d Input encoding file
\inpenc@prehook=\toks50
\inpenc@posthook=\toks51
)
(/usr/local/texlive/2024/texmf-dist/tex/latex/comment/comment.sty
\CommentStream=\write4

Excluding comment 'comment')
(/usr/local/texlive/2024/texmf-dist/tex/latex/lkproof/proof.sty
\inferLineSkip=\dimen289
\inferLabelSkip=\dimen290
\@LeftOffset=\dimen291
\@RightOffset=\dimen292
\@SavedLeftOffset=\dimen293
\UpperWidth=\dimen294
\LowerWidth=\dimen295
\LowerHeight=\dimen296
\UpperLeftOffset=\dimen297
\UpperRightOffset=\dimen298
\UpperCenter=\dimen299
\LowerCenter=\dimen300
\UpperAdjust=\dimen301
\RuleAdjust=\dimen302
\LowerAdjust=\dimen303
\RuleWidth=\dimen304
\HLabelAdjust=\dimen305
\VLabelAdjust=\dimen306
\WidthAdjust=\dimen307
\@UpperPart=\box75
\@LowerPart=\box76
\@LabelPart=\box77
\ResultBox=\box78
)
(/usr/local/texlive/2024/texmf-dist/tex/latex/todonotes/todonotes.sty
Package: todonotes 2024/01/05 v1.1.7 Todonotes source and documentation.
Package: todonotes 2024/01/05

(/usr/local/texlive/2024/texmf-dist/tex/latex/xkeyval/xkeyval.sty
Package: xkeyval 2022/06/16 v2.9 package option processing (HA)

(/usr/local/texlive/2024/texmf-dist/tex/generic/xkeyval/xkeyval.tex
(/usr/local/texlive/2024/texmf-dist/tex/generic/xkeyval/xkvutils.tex
\XKV@toks=\toks52
\XKV@tempa@toks=\toks53
)
\XKV@depth=\count335
File: xkeyval.tex 2014/12/03 v2.7a key=value parser (HA)
))
(/usr/local/texlive/2024/texmf-dist/tex/generic/pgf/frontendlayer/tikz/librarie
s/tikzlibrarypositioning.code.tex
File: tikzlibrarypositioning.code.tex 2023-01-15 v3.1.10 (3.1.10)
)
\c@@todonotes@numberoftodonotes=\count336
)
(/usr/local/texlive/2024/texmf-dist/tex/latex/amsfonts/amssymb.sty
Package: amssymb 2013/01/14 v3.01 AMS font symbols
)
(/usr/local/texlive/2024/texmf-dist/tex/generic/pgf/frontendlayer/tikz/librarie
s/tikzlibraryautomata.code.tex
File: tikzlibraryautomata.code.tex 2023-01-15 v3.1.10 (3.1.10)

(/usr/local/texlive/2024/texmf-dist/tex/generic/pgf/frontendlayer/tikz/librarie
s/tikzlibraryshapes.multipart.code.tex
File: tikzlibraryshapes.multipart.code.tex 2023-01-15 v3.1.10 (3.1.10)

(/usr/local/texlive/2024/texmf-dist/tex/generic/pgf/libraries/shapes/pgflibrary
shapes.multipart.code.tex
File: pgflibraryshapes.multipart.code.tex 2023-01-15 v3.1.10 (3.1.10)
\pgfnodepartlowerbox=\box79
\pgfnodeparttwobox=\box80
\pgfnodepartthreebox=\box81
\pgfnodepartfourbox=\box82
\pgfnodeparttwentybox=\box83
\pgfnodepartnineteenbox=\box84
\pgfnodeparteighteenbox=\box85
\pgfnodepartseventeenbox=\box86
\pgfnodepartsixteenbox=\box87
\pgfnodepartfifteenbox=\box88
\pgfnodepartfourteenbox=\box89
\pgfnodepartthirteenbox=\box90
\pgfnodeparttwelvebox=\box91
\pgfnodepartelevenbox=\box92
\pgfnodeparttenbox=\box93
\pgfnodepartninebox=\box94
\pgfnodeparteightbox=\box95
\pgfnodepartsevenbox=\box96
\pgfnodepartsixbox=\box97
\pgfnodepartfivebox=\box98
)))
(/usr/local/texlive/2024/texmf-dist/tex/generic/pgf/frontendlayer/tikz/librarie
s/tikzlibraryarrows.code.tex
File: tikzlibraryarrows.code.tex 2023-01-15 v3.1.10 (3.1.10)

(/usr/local/texlive/2024/texmf-dist/tex/generic/pgf/libraries/pgflibraryarrows.
code.tex
File: pgflibraryarrows.code.tex 2023-01-15 v3.1.10 (3.1.10)
\arrowsize=\dimen308
)) (./macros.tex)
\c@lemma=\count337
\c@example=\count338
\c@definition=\count339
\c@theorem=\count340
\c@remark=\count341
Package hyperref Info: Option `final' set `true' on input line 47.
 (./main.aux

LaTeX Warning: Label `example2' multiply defined.

)
\openout1 = `main.aux'.

LaTeX Font Info:    Checking defaults for OML/cmm/m/it on input line 47.
LaTeX Font Info:    ... okay on input line 47.
LaTeX Font Info:    Checking defaults for OMS/cmsy/m/n on input line 47.
LaTeX Font Info:    ... okay on input line 47.
LaTeX Font Info:    Checking defaults for OT1/cmr/m/n on input line 47.
LaTeX Font Info:    ... okay on input line 47.
LaTeX Font Info:    Checking defaults for T1/cmr/m/n on input line 47.
LaTeX Font Info:    ... okay on input line 47.
LaTeX Font Info:    Checking defaults for TS1/cmr/m/n on input line 47.
LaTeX Font Info:    ... okay on input line 47.
LaTeX Font Info:    Checking defaults for OMX/cmex/m/n on input line 47.
LaTeX Font Info:    ... okay on input line 47.
LaTeX Font Info:    Checking defaults for U/cmr/m/n on input line 47.
LaTeX Font Info:    ... okay on input line 47.
LaTeX Font Info:    Checking defaults for PD1/pdf/m/n on input line 47.
LaTeX Font Info:    ... okay on input line 47.
LaTeX Font Info:    Checking defaults for PU/pdf/m/n on input line 47.
LaTeX Font Info:    ... okay on input line 47.
LaTeX Font Info:    Trying to load font information for U+msa on input line 47.

 (/usr/local/texlive/2024/texmf-dist/tex/latex/amsfonts/umsa.fd
File: umsa.fd 2013/01/14 v3.01 AMS symbols A
)
LaTeX Font Info:    Trying to load font information for U+msb on input line 47.


(/usr/local/texlive/2024/texmf-dist/tex/latex/amsfonts/umsb.fd
File: umsb.fd 2013/01/14 v3.01 AMS symbols B
)
(/usr/local/texlive/2024/texmf-dist/tex/context/base/mkii/supp-pdf.mkii
[Loading MPS to PDF converter (version 2006.09.02).]
\scratchcounter=\count342
\scratchdimen=\dimen309
\scratchbox=\box99
\nofMPsegments=\count343
\nofMParguments=\count344
\everyMPshowfont=\toks54
\MPscratchCnt=\count345
\MPscratchDim=\dimen310
\MPnumerator=\count346
\makeMPintoPDFobject=\count347
\everyMPtoPDFconversion=\toks55
)
LaTeX Info: Redefining \microtypecontext on input line 47.
Package microtype Info: Applying patch `item' on input line 47.
Package microtype Info: Applying patch `toc' on input line 47.
Package microtype Info: Applying patch `eqnum' on input line 47.
Package microtype Info: Applying patch `footnote' on input line 47.
Package microtype Info: Applying patch `verbatim' on input line 47.
Package microtype Info: Generating PDF output.
Package microtype Info: Character protrusion enabled (level 2).
Package microtype Info: Using default protrusion set `alltext'.
Package microtype Info: Automatic font expansion enabled (level 2),
(microtype)             stretch: 20, shrink: 20, step: 1, non-selected.
Package microtype Info: Using default expansion set `alltext-nott'.
LaTeX Info: Redefining \showhyphens on input line 47.
Package microtype Info: No adjustment of tracking.
Package microtype Info: No adjustment of interword spacing.
Package microtype Info: No adjustment of character kerning.
 (/usr/local/texlive/2024/texmf-dist/tex/latex/microtype/mt-cmr.cfg
File: mt-cmr.cfg 2013/05/19 v2.2 microtype config. file: Computer Modern Roman 
(RS)
)
Package hyperref Info: Link coloring OFF on input line 47.

(./main.out) (./main.out)
\@outlinefile=\write5
\openout5 = `main.out'.

\c@lstlisting=\count348


Package todonotes Warning: The length marginparwidth is less than 2cm and will 
most likely cause issues with the appearance of inserted todonotes. The issue c
an be solved by adding a line like \setlength {\marginparwidth }{2cm} prior to 
loading the todonotes package. on input line 47.

Package microtype Info: Loading generic protrusion settings for font family
(microtype)             `cmss' (encoding: OT1).
(microtype)             For optimal results, create family-specific settings.
(microtype)             See the microtype manual for details.
LaTeX Font Info:    Trying to load font information for OT1+phv on input line 1
02.
(/usr/local/texlive/2024/texmf-dist/tex/latex/psnfss/ot1phv.fd
File: ot1phv.fd 2020/03/25 scalable font definitions for OT1/phv.
)
Package microtype Info: Loading generic protrusion settings for font family
(microtype)             `phv' (encoding: OT1).
(microtype)             For optimal results, create family-specific settings.
(microtype)             See the microtype manual for details.
LaTeX Font Info:    Trying to load font information for T1+cmss on input line 1
02.

(/usr/local/texlive/2024/texmf-dist/tex/latex/base/t1cmss.fd
File: t1cmss.fd 2023/04/13 v2.5m Standard LaTeX font definitions
)
Package microtype Info: Loading generic protrusion settings for font family
(microtype)             `cmss' (encoding: T1).
(microtype)             For optimal results, create family-specific settings.
(microtype)             See the microtype manual for details.
LaTeX Font Info:    Trying to load font information for T1+phv on input line 10
2.

(/usr/local/texlive/2024/texmf-dist/tex/latex/psnfss/t1phv.fd
File: t1phv.fd 2020/03/25 scalable font definitions for T1/phv.
)
Package microtype Info: Loading generic protrusion settings for font family
(microtype)             `phv' (encoding: T1).
(microtype)             For optimal results, create family-specific settings.
(microtype)             See the microtype manual for details.
LaTeX Font Info:    Trying to load font information for TS1+phv on input line 1
02.

(/usr/local/texlive/2024/texmf-dist/tex/latex/psnfss/ts1phv.fd
File: ts1phv.fd 2020/03/25 scalable font definitions for TS1/phv.
)
Package microtype Info: Loading generic protrusion settings for font family
(microtype)             `phv' (encoding: TS1).
(microtype)             For optimal results, create family-specific settings.
(microtype)             See the microtype manual for details.
LaTeX Font Info:    Trying to load font information for OMS+phv on input line 1
02.

(/usr/local/texlive/2024/texmf-dist/tex/latex/psnfss/omsphv.fd
File: omsphv.fd 
)
LaTeX Font Info:    Font shape `OMS/phv/b/n' in size <6> not available
(Font)              Font shape `OMS/cmsy/b/n' tried instead on input line 102.

(./introduction.tex
Overfull \vbox (5.50977pt too high) has occurred while \output is active []


Overfull \vbox (24.16pt too high) has occurred while \output is active []

 [1{/usr/local/texlive/2024/texmf-var/fonts/map/pdftex/updmap/pdftex.map}{/usr/
local/texlive/2024/texmf-dist/fonts/enc/dvips/base/8r.enc}] (./example.tex
Package microtype Info: Loading generic protrusion settings for font family
(microtype)             `cmtt' (encoding: OT1).
(microtype)             For optimal results, create family-specific settings.
(microtype)             See the microtype manual for details.

(/usr/local/texlive/2024/texmf-dist/tex/latex/microtype/mt-msa.cfg
File: mt-msa.cfg 2006/02/04 v1.1 microtype config. file: AMS symbols (a) (RS)
)
(/usr/local/texlive/2024/texmf-dist/tex/latex/microtype/mt-msb.cfg
File: mt-msb.cfg 2005/06/01 v1.0 microtype config. file: AMS symbols (b) (RS)
) [2]))
(./chor.tex
Underfull \vbox (badness 1163) has occurred while \output is active []

 [3{/usr/local/texlive/2024/texmf-dist/fonts/enc/dvips/cm-super/cm-super-ts1.en
c}]

LaTeX Font Warning: Command \small invalid in math mode on input line 16.

Package hyperref Info: bookmark level for unknown remark defaults to 0 on input
 line 70.
LaTeX Font Info:    Font shape `OT1/cmss/m/it' in size <10.95> not available
(Font)              Font shape `OT1/cmss/m/sl' tried instead on input line 79.
[4]
Package hyperref Info: bookmark level for unknown definition defaults to 0 on i
nput line 119.


LaTeX Font Warning: Command \small invalid in math mode on input line 120.


LaTeX Font Warning: Command \small invalid in math mode on input line 140.

Package hyperref Info: bookmark level for unknown example defaults to 0 on inpu
t line 174.
Excluding 'comment' comment. Excluding 'comment' comment.

LaTeX Warning: `h' float specifier changed to `ht'.

) (./prism.tex [5]

LaTeX Font Warning: Command \small invalid in math mode on input line 81.

[6]

LaTeX Font Warning: Command \small invalid in math mode on input line 197.

Excluding 'comment' comment. [7]

LaTeX Font Warning: Command \small invalid in math mode on input line 314.


LaTeX Font Warning: Command \small invalid in math mode on input line 337.

) (./proj.tex

LaTeX Font Warning: Command \small invalid in math mode on input line 38.


LaTeX Font Warning: Command \small invalid in math mode on input line 79.

LaTeX Font Info:    Font shape `OT1/cmss/m/it' in size <10> not available
(Font)              Font shape `OT1/cmss/m/sl' tried instead on input line 126.

[8]

LaTeX Font Warning: Command \small invalid in math mode on input line 191.

[9]

LaTeX Font Warning: Command \small invalid in math mode on input line 240.

Package hyperref Info: bookmark level for unknown lemma defaults to 0 on input 
line 265.
Package hyperref Info: bookmark level for unknown theorem defaults to 0 on inpu
t line 269.

Overfull \hbox (13.82552pt too wide) detected at line 294
[]\OT1/cmr/m/n/10.95 [\OML/cmm/m/it/10.95 a[]\OT1/cmr/m/n/10.95 ]  \OML/cmm/m/i
t/10.95 s[]  \OT1/cmr/m/n/10.95 =  \OML/cmm/m/it/10.95 ^^S  \OMS/cmsy/m/n/10.95
 ! \OML/cmm/m/it/10.95 ^^U[] \OT1/cmr/m/n/10.95 :  \OML/cmm/m/it/10.95 s[]  \OT
1/cmr/m/n/10.95 =  \OML/cmm/m/it/10.95 s[] \OT1/cmr/m/n/10.95 + 1 + [] []([]) &
 \OML/cmm/m/it/10.95 u[] \OMS/cmsy/m/n/10.95 #[] [][]  [  [] []\OT1/cmr/m/n/10.
95 (\OT1/cmtt/m/n/10.95 q\OML/cmm/m/it/10.95 ; C[]; ^^S \OT1/cmr/m/n/10.95 + 1 
+ [] []([]))
 []


Overfull \hbox (8.51442pt too wide) detected at line 301
[]\OT1/cmr/m/n/10.95 [\OML/cmm/m/it/10.95 a[]\OT1/cmr/m/n/10.95 ]  \OML/cmm/m/i
t/10.95 s[]  \OT1/cmr/m/n/10.95 =  \OML/cmm/m/it/10.95 ^^S  \OMS/cmsy/m/n/10.95
 ! \OT1/cmr/m/n/10.95 1 :  \OML/cmm/m/it/10.95 s[]  \OT1/cmr/m/n/10.95 =  \OML/
cmm/m/it/10.95 s[] \OT1/cmr/m/n/10.95 + 1 + [] []([]) & \OML/cmm/m/it/10.95 u[]
 \OMS/cmsy/m/n/10.95 #[] [][]  [  [] []\OT1/cmr/m/n/10.95 (\OT1/cmtt/m/n/10.95 
q\OML/cmm/m/it/10.95 ; C[]; ^^S \OT1/cmr/m/n/10.95 + 1 + [] []([]))
 []

[10]) (./implementation.tex
(/usr/local/texlive/2024/texmf-dist/tex/latex/listings/lstlang1.sty
File: lstlang1.sty 2024/02/21 1.10 listings language file
)
Package hyperref Info: bookmark level for unknown lstlisting defaults to 0 on i
nput line 6.
LaTeX Font Info:    Font shape `OT1/cmtt/bx/n' in size <7> not available
(Font)              Font shape `OT1/cmtt/m/n' tried instead on input line 7.
 [11])
(./tests.tex [12] Excluding 'comment' comment.
<Figures/peertopeer.pdf, id=270, 376.40625pt x 287.0725pt>
File: Figures/peertopeer.pdf Graphic file (type pdf)
<use Figures/peertopeer.pdf>
Package pdftex.def Info: Figures/peertopeer.pdf  used on input line 90.
(pdftex.def)             Requested size: 131.74416pt x 100.47687pt.
 Excluding 'comment' comment.

LaTeX Warning: `h' float specifier changed to `ht'.

[13]
LaTeX Font Info:    Trying to load font information for TS1+cmss on input line 
201.
 (/usr/local/texlive/2024/texmf-dist/tex/latex/base/ts1cmss.fd
File: ts1cmss.fd 2023/04/13 v2.5m Standard LaTeX font definitions
)
Package microtype Info: Loading generic protrusion settings for font family
(microtype)             `cmss' (encoding: TS1).
(microtype)             For optimal results, create family-specific settings.
(microtype)             See the microtype manual for details.
LaTeX Font Info:    Trying to load font information for OML+cmss on input line 
201.
LaTeX Font Info:    No file OMLcmss.fd. on input line 201.


LaTeX Font Warning: Font shape `OML/cmss/m/n' undefined
(Font)              using `OML/cmm/m/it' instead
(Font)              for symbol `textgreater' on input line 201.

[14 <./Figures/peertopeer.pdf>] Excluding 'comment' comment.
LaTeX Font Info:    Font shape `OT1/cmtt/bx/n' in size <8> not available
(Font)              Font shape `OT1/cmtt/m/n' tried instead on input line 252.


Package wrapfig Warning: wrapfigure used inside a conflicting environment on in
put line 269.

<Figures/example.pdf, id=347, 360.34625pt x 260.975pt>
File: Figures/example.pdf Graphic file (type pdf)
<use Figures/example.pdf>
Package pdftex.def Info: Figures/example.pdf  used on input line 272.
(pdftex.def)             Requested size: 126.12308pt x 91.3426pt.

Underfull \hbox (badness 10000) in paragraph at lines 266--277
\OT1/cmr/m/n/10.95 (+20) pro-cess.
 []


Package wrapfig Warning: Stationary wrapfigure forced to float on input line 27
7.

Excluding 'comment' comment.

Package wrapfig Warning: wrapfigure used inside a conflicting environment on in
put line 288.


Package wrapfig Warning: wrapfigure used inside a conflicting environment on in
put line 289.


Package wrapfig Warning: wrapfigure used inside a conflicting environment on in
put line 289.


Package wrapfig Warning: wrapfigure used inside a conflicting environment on in
put line 289.


Package wrapfig Warning: wrapfigure used inside a conflicting environment on in
put line 289.


Package wrapfig Warning: wrapfigure used inside a conflicting environment on in
put line 289.


Package wrapfig Warning: wrapfigure used inside a conflicting environment on in
put line 289.


Package wrapfig Warning: wrapfigure used inside a conflicting environment on in
put line 289.


Package wrapfig Warning: wrapfigure used inside a conflicting environment on in
put line 289.


Package wrapfig Warning: wrapfigure used inside a conflicting environment on in
put line 289.


Package wrapfig Warning: wrapfigure used inside a conflicting environment on in
put line 289.


Package wrapfig Warning: wrapfigure used inside a conflicting environment on in
put line 289.


Package wrapfig Warning: wrapfigure used inside a conflicting environment on in
put line 289.


Package wrapfig Warning: wrapfigure used inside a conflicting environment on in
put line 289.


Package wrapfig Warning: wrapfigure used inside a conflicting environment on in
put line 289.


Package wrapfig Warning: wrapfigure used inside a conflicting environment on in
put line 289.


Package wrapfig Warning: wrapfigure used inside a conflicting environment on in
put line 289.


Package wrapfig Warning: wrapfigure used inside a conflicting environment on in
put line 289.


Package wrapfig Warning: wrapfigure used inside a conflicting environment on in
put line 289.


Package wrapfig Warning: wrapfigure used inside a conflicting environment on in
put line 289.


Package wrapfig Warning: wrapfigure used inside a conflicting environment on in
put line 289.


Package wrapfig Warning: wrapfigure used inside a conflicting environment on in
put line 290.


Package wrapfig Warning: wrapfigure used inside a conflicting environment on in
put line 290.


Package wrapfig Warning: wrapfigure used inside a conflicting environment on in
put line 290.


Package wrapfig Warning: wrapfigure used inside a conflicting environment on in
put line 290.


Package wrapfig Warning: wrapfigure used inside a conflicting environment on in
put line 290.


Package wrapfig Warning: wrapfigure used inside a conflicting environment on in
put line 290.


Package wrapfig Warning: wrapfigure used inside a conflicting environment on in
put line 290.


Package wrapfig Warning: wrapfigure used inside a conflicting environment on in
put line 290.


Package wrapfig Warning: wrapfigure used inside a conflicting environment on in
put line 290.


Package wrapfig Warning: wrapfigure used inside a conflicting environment on in
put line 290.


Package wrapfig Warning: wrapfigure used inside a conflicting environment on in
put line 290.


Package wrapfig Warning: wrapfigure used inside a conflicting environment on in
put line 290.


Package wrapfig Warning: wrapfigure used inside a conflicting environment on in
put line 290.


Package wrapfig Warning: wrapfigure used inside a conflicting environment on in
put line 290.


Package wrapfig Warning: wrapfigure used inside a conflicting environment on in
put line 290.


Package wrapfig Warning: wrapfigure used inside a conflicting environment on in
put line 290.


Package wrapfig Warning: wrapfigure used inside a conflicting environment on in
put line 290.


Package wrapfig Warning: wrapfigure used inside a conflicting environment on in
put line 290.


Package wrapfig Warning: wrapfigure used inside a conflicting environment on in
put line 290.


Package wrapfig Warning: wrapfigure used inside a conflicting environment on in
put line 290.


Package wrapfig Warning: wrapfigure used inside a conflicting environment on in
put line 290.


Package wrapfig Warning: wrapfigure used inside a conflicting environment on in
put line 290.


Package wrapfig Warning: wrapfigure used inside a conflicting environment on in
put line 290.


Package wrapfig Warning: wrapfigure used inside a conflicting environment on in
put line 290.


Package wrapfig Warning: wrapfigure used inside a conflicting environment on in
put line 290.


Package wrapfig Warning: wrapfigure used inside a conflicting environment on in
put line 290.


Package wrapfig Warning: wrapfigure used inside a conflicting environment on in
put line 290.


Package wrapfig Warning: wrapfigure used inside a conflicting environment on in
put line 290.


Package wrapfig Warning: wrapfigure used inside a conflicting environment on in
put line 290.


Package wrapfig Warning: wrapfigure used inside a conflicting environment on in
put line 290.


Package wrapfig Warning: wrapfigure used inside a conflicting environment on in
put line 290.


Package wrapfig Warning: wrapfigure used inside a conflicting environment on in
put line 290.


Package wrapfig Warning: wrapfigure used inside a conflicting environment on in
put line 290.


Package wrapfig Warning: wrapfigure used inside a conflicting environment on in
put line 290.


Package wrapfig Warning: wrapfigure used inside a conflicting environment on in
put line 290.


Package wrapfig Warning: wrapfigure used inside a conflicting environment on in
put line 290.


Package wrapfig Warning: wrapfigure used inside a conflicting environment on in
put line 290.


Package wrapfig Warning: wrapfigure used inside a conflicting environment on in
put line 291.


Package wrapfig Warning: wrapfigure used inside a conflicting environment on in
put line 291.


Package wrapfig Warning: wrapfigure used inside a conflicting environment on in
put line 291.


Package wrapfig Warning: wrapfigure used inside a conflicting environment on in
put line 291.


Package wrapfig Warning: wrapfigure used inside a conflicting environment on in
put line 291.


Package wrapfig Warning: wrapfigure used inside a conflicting environment on in
put line 291.


Package wrapfig Warning: wrapfigure used inside a conflicting environment on in
put line 291.


Package wrapfig Warning: wrapfigure used inside a conflicting environment on in
put line 291.


Package wrapfig Warning: wrapfigure used inside a conflicting environment on in
put line 291.


Package wrapfig Warning: wrapfigure used inside a conflicting environment on in
put line 291.


Package wrapfig Warning: wrapfigure used inside a conflicting environment on in
put line 291.


Package wrapfig Warning: wrapfigure used inside a conflicting environment on in
put line 291.


Package wrapfig Warning: wrapfigure used inside a conflicting environment on in
put line 291.


Package wrapfig Warning: wrapfigure used inside a conflicting environment on in
put line 291.


Package wrapfig Warning: wrapfigure used inside a conflicting environment on in
put line 291.


Package wrapfig Warning: wrapfigure used inside a conflicting environment on in
put line 291.


Package wrapfig Warning: wrapfigure used inside a conflicting environment on in
put line 291.


Package wrapfig Warning: wrapfigure used inside a conflicting environment on in
put line 291.


Package wrapfig Warning: wrapfigure used inside a conflicting environment on in
put line 291.


Package wrapfig Warning: wrapfigure used inside a conflicting environment on in
put line 291.


Package wrapfig Warning: wrapfigure used inside a conflicting environment on in
put line 291.


Package wrapfig Warning: wrapfigure used inside a conflicting environment on in
put line 291.


Package wrapfig Warning: wrapfigure used inside a conflicting environment on in
put line 291.


Package wrapfig Warning: wrapfigure used inside a conflicting environment on in
put line 291.


Package wrapfig Warning: wrapfigure used inside a conflicting environment on in
put line 291.


Package wrapfig Warning: wrapfigure used inside a conflicting environment on in
put line 291.


Package wrapfig Warning: wrapfigure used inside a conflicting environment on in
put line 291.


Package wrapfig Warning: wrapfigure used inside a conflicting environment on in
put line 291.


Package wrapfig Warning: wrapfigure used inside a conflicting environment on in
put line 291.


Package wrapfig Warning: wrapfigure used inside a conflicting environment on in
put line 292.


Package wrapfig Warning: wrapfigure used inside a conflicting environment on in
put line 292.


Package wrapfig Warning: wrapfigure used inside a conflicting environment on in
put line 292.


Package wrapfig Warning: wrapfigure used inside a conflicting environment on in
put line 293.


Package wrapfig Warning: wrapfigure used inside a conflicting environment on in
put line 293.


Package wrapfig Warning: wrapfigure used inside a conflicting environment on in
put line 293.


Package wrapfig Warning: wrapfigure used inside a conflicting environment on in
put line 293.


Package wrapfig Warning: wrapfigure used inside a conflicting environment on in
put line 293.


Package wrapfig Warning: wrapfigure used inside a conflicting environment on in
put line 293.


Package wrapfig Warning: wrapfigure used inside a conflicting environment on in
put line 293.


Package wrapfig Warning: wrapfigure used inside a conflicting environment on in
put line 293.


Package wrapfig Warning: wrapfigure used inside a conflicting environment on in
put line 293.


Package wrapfig Warning: wrapfigure used inside a conflicting environment on in
put line 293.


Package wrapfig Warning: wrapfigure used inside a conflicting environment on in
put line 293.


Package wrapfig Warning: wrapfigure used inside a conflicting environment on in
put line 293.


Package wrapfig Warning: wrapfigure used inside a conflicting environment on in
put line 293.


Package wrapfig Warning: wrapfigure used inside a conflicting environment on in
put line 293.


Package wrapfig Warning: wrapfigure used inside a conflicting environment on in
put line 293.


Package wrapfig Warning: wrapfigure used inside a conflicting environment on in
put line 293.


Package wrapfig Warning: wrapfigure used inside a conflicting environment on in
put line 293.


Package wrapfig Warning: wrapfigure used inside a conflicting environment on in
put line 293.


Package wrapfig Warning: wrapfigure used inside a conflicting environment on in
put line 293.


Package wrapfig Warning: wrapfigure used inside a conflicting environment on in
put line 293.


Package wrapfig Warning: wrapfigure used inside a conflicting environment on in
put line 293.


Package wrapfig Warning: wrapfigure used inside a conflicting environment on in
put line 293.


Package wrapfig Warning: wrapfigure used inside a conflicting environment on in
put line 293.


Package wrapfig Warning: wrapfigure used inside a conflicting environment on in
put line 293.


Package wrapfig Warning: wrapfigure used inside a conflicting environment on in
put line 293.


Package wrapfig Warning: wrapfigure used inside a conflicting environment on in
put line 293.


Package wrapfig Warning: wrapfigure used inside a conflicting environment on in
put line 293.


Package wrapfig Warning: wrapfigure used inside a conflicting environment on in
put line 293.


Package wrapfig Warning: wrapfigure used inside a conflicting environment on in
put line 293.


Package wrapfig Warning: wrapfigure used inside a conflicting environment on in
put line 293.


Package wrapfig Warning: wrapfigure used inside a conflicting environment on in
put line 293.


Package wrapfig Warning: wrapfigure used inside a conflicting environment on in
put line 293.


Package wrapfig Warning: wrapfigure used inside a conflicting environment on in
put line 293.


Package wrapfig Warning: wrapfigure used inside a conflicting environment on in
put line 293.

[15 <./Figures/example.pdf>]

Package wrapfig Warning: wrapfigure used inside a conflicting environment on in
put line 294.


Package wrapfig Warning: wrapfigure used inside a conflicting environment on in
put line 294.


Package wrapfig Warning: wrapfigure used inside a conflicting environment on in
put line 295.


Package wrapfig Warning: wrapfigure used inside a conflicting environment on in
put line 295.


Package wrapfig Warning: wrapfigure used inside a conflicting environment on in
put line 295.


Package wrapfig Warning: wrapfigure used inside a conflicting environment on in
put line 295.


Package wrapfig Warning: wrapfigure used inside a conflicting environment on in
put line 295.


Package wrapfig Warning: wrapfigure used inside a conflicting environment on in
put line 295.


Package wrapfig Warning: wrapfigure used inside a conflicting environment on in
put line 295.


Package wrapfig Warning: wrapfigure used inside a conflicting environment on in
put line 295.


Package wrapfig Warning: wrapfigure used inside a conflicting environment on in
put line 295.


Package wrapfig Warning: wrapfigure used inside a conflicting environment on in
put line 295.


Package wrapfig Warning: wrapfigure used inside a conflicting environment on in
put line 295.


Package wrapfig Warning: wrapfigure used inside a conflicting environment on in
put line 295.


Package wrapfig Warning: wrapfigure used inside a conflicting environment on in
put line 295.


Package wrapfig Warning: wrapfigure used inside a conflicting environment on in
put line 295.


Package wrapfig Warning: wrapfigure used inside a conflicting environment on in
put line 295.


Package wrapfig Warning: wrapfigure used inside a conflicting environment on in
put line 295.


Package wrapfig Warning: wrapfigure used inside a conflicting environment on in
put line 295.


Package wrapfig Warning: wrapfigure used inside a conflicting environment on in
put line 295.


Package wrapfig Warning: wrapfigure used inside a conflicting environment on in
put line 295.


Package wrapfig Warning: wrapfigure used inside a conflicting environment on in
put line 295.


Package wrapfig Warning: wrapfigure used inside a conflicting environment on in
put line 295.


Package wrapfig Warning: wrapfigure used inside a conflicting environment on in
put line 295.


Package wrapfig Warning: wrapfigure used inside a conflicting environment on in
put line 295.


Package wrapfig Warning: wrapfigure used inside a conflicting environment on in
put line 295.


Package wrapfig Warning: wrapfigure used inside a conflicting environment on in
put line 295.


Package wrapfig Warning: wrapfigure used inside a conflicting environment on in
put line 295.


Package wrapfig Warning: wrapfigure used inside a conflicting environment on in
put line 295.


Package wrapfig Warning: wrapfigure used inside a conflicting environment on in
put line 295.


Package wrapfig Warning: wrapfigure used inside a conflicting environment on in
put line 295.


Package wrapfig Warning: wrapfigure used inside a conflicting environment on in
put line 295.


Package wrapfig Warning: wrapfigure used inside a conflicting environment on in
put line 295.


Package wrapfig Warning: wrapfigure used inside a conflicting environment on in
put line 295.


Package wrapfig Warning: wrapfigure used inside a conflicting environment on in
put line 295.


Package wrapfig Warning: wrapfigure used inside a conflicting environment on in
put line 296.


Package wrapfig Warning: wrapfigure used inside a conflicting environment on in
put line 296.


Package wrapfig Warning: wrapfigure used inside a conflicting environment on in
put line 296.


Package wrapfig Warning: wrapfigure used inside a conflicting environment on in
put line 296.


Package wrapfig Warning: wrapfigure used inside a conflicting environment on in
put line 296.


Package wrapfig Warning: wrapfigure used inside a conflicting environment on in
put line 296.


Package wrapfig Warning: wrapfigure used inside a conflicting environment on in
put line 296.


Package wrapfig Warning: wrapfigure used inside a conflicting environment on in
put line 297.


Package wrapfig Warning: wrapfigure used inside a conflicting environment on in
put line 297.


Package wrapfig Warning: wrapfigure used inside a conflicting environment on in
put line 297.


Package wrapfig Warning: wrapfigure used inside a conflicting environment on in
put line 297.


Package wrapfig Warning: wrapfigure used inside a conflicting environment on in
put line 297.


Package wrapfig Warning: wrapfigure used inside a conflicting environment on in
put line 297.


Package wrapfig Warning: wrapfigure used inside a conflicting environment on in
put line 297.


Package wrapfig Warning: wrapfigure used inside a conflicting environment on in
put line 297.


Package wrapfig Warning: wrapfigure used inside a conflicting environment on in
put line 297.


Package wrapfig Warning: wrapfigure used inside a conflicting environment on in
put line 297.


Package wrapfig Warning: wrapfigure used inside a conflicting environment on in
put line 297.


Package wrapfig Warning: wrapfigure used inside a conflicting environment on in
put line 297.


Package wrapfig Warning: wrapfigure used inside a conflicting environment on in
put line 297.


Package wrapfig Warning: wrapfigure used inside a conflicting environment on in
put line 297.


Package wrapfig Warning: wrapfigure used inside a conflicting environment on in
put line 297.


Package wrapfig Warning: wrapfigure used inside a conflicting environment on in
put line 297.


Package wrapfig Warning: wrapfigure used inside a conflicting environment on in
put line 297.


Package wrapfig Warning: wrapfigure used inside a conflicting environment on in
put line 297.


Package wrapfig Warning: wrapfigure used inside a conflicting environment on in
put line 297.


Package wrapfig Warning: wrapfigure used inside a conflicting environment on in
put line 297.


Package wrapfig Warning: wrapfigure used inside a conflicting environment on in
put line 297.


Package wrapfig Warning: wrapfigure used inside a conflicting environment on in
put line 297.


Package wrapfig Warning: wrapfigure used inside a conflicting environment on in
put line 297.


Package wrapfig Warning: wrapfigure used inside a conflicting environment on in
put line 297.


Package wrapfig Warning: wrapfigure used inside a conflicting environment on in
put line 297.


Package wrapfig Warning: wrapfigure used inside a conflicting environment on in
put line 297.


Package wrapfig Warning: wrapfigure used inside a conflicting environment on in
put line 297.


Package wrapfig Warning: wrapfigure used inside a conflicting environment on in
put line 299.


Package wrapfig Warning: wrapfigure used inside a conflicting environment on in
put line 299.


Package wrapfig Warning: wrapfigure used inside a conflicting environment on in
put line 299.

Excluding 'comment' comment.
<Figures/example2.pdf, id=389, 355.3275pt x 266.9975pt>
File: Figures/example2.pdf Graphic file (type pdf)
<use Figures/example2.pdf>
Package pdftex.def Info: Figures/example2.pdf  used on input line 378.
(pdftex.def)             Requested size: 124.36647pt x 93.45052pt.
 Excluding 'comment' comment.) (./discussion.tex
[16 <./Figures/example2.pdf>]) (./main.bbl [17])
LaTeX Font Info:    Trying to load font information for T1+cmtt on input line 1
34.

(/usr/local/texlive/2024/texmf-dist/tex/latex/base/t1cmtt.fd
File: t1cmtt.fd 2023/04/13 v2.5m Standard LaTeX font definitions
)
Package microtype Info: Loading generic protrusion settings for font family
(microtype)             `cmtt' (encoding: T1).
(microtype)             For optimal results, create family-specific settings.
(microtype)             See the microtype manual for details.
 [18{/usr/local/texlive/2024/texmf-dist/fonts/enc/dvips/cm-super/cm-super-t1.en
c}] (./main.aux)
 ***********
LaTeX2e <2023-11-01> patch level 1
L3 programming layer <2024-02-20>
 ***********


LaTeX Font Warning: Some font shapes were not available, defaults substituted.


LaTeX Warning: There were multiply-defined labels.

Package rerunfilecheck Info: File `main.out' has not changed.
(rerunfilecheck)             Checksum: 6974BB628B80EF77E938A549254662AF;1223.
 ) 
Here is how much of TeX's memory you used:
 30303 strings out of 474116
 559744 string characters out of 5743683
 2161187 words of memory out of 5000000
 51415 multiletter control sequences out of 15000+600000
 599448 words of font info for 283 fonts, out of 8000000 for 9000
 1302 hyphenation exceptions out of 8191
 102i,15n,107p,1086b,2159s stack positions out of 10000i,1000n,20000p,200000b,200000s
</usr/local/texlive/2024/texmf-dist/fonts/type1/public/amsfonts/cmextra/cmbsy
6.pfb></usr/local/texlive/2024/texmf-dist/fonts/type1/public/amsfonts/cm/cmbx10
.pfb></usr/local/texlive/2024/texmf-dist/fonts/type1/public/amsfonts/cm/cmbx9.p
fb></usr/local/texlive/2024/texmf-dist/fonts/type1/public/amsfonts/cm/cmcsc10.p
fb></usr/local/texlive/2024/texmf-dist/fonts/type1/public/amsfonts/cm/cmex10.pf
b></usr/local/texlive/2024/texmf-dist/fonts/type1/public/amsfonts/cmextra/cmex8
.pfb></usr/local/texlive/2024/texmf-dist/fonts/type1/public/amsfonts/cm/cmmi10.
pfb></usr/local/texlive/2024/texmf-dist/fonts/type1/public/amsfonts/cm/cmmi5.pf
b></usr/local/texlive/2024/texmf-dist/fonts/type1/public/amsfonts/cm/cmmi6.pfb>
</usr/local/texlive/2024/texmf-dist/fonts/type1/public/amsfonts/cm/cmmi7.pfb></
usr/local/texlive/2024/texmf-dist/fonts/type1/public/amsfonts/cm/cmmi8.pfb></us
r/local/texlive/2024/texmf-dist/fonts/type1/public/amsfonts/cm/cmmi9.pfb></usr/
local/texlive/2024/texmf-dist/fonts/type1/public/amsfonts/cm/cmr10.pfb></usr/lo
cal/texlive/2024/texmf-dist/fonts/type1/public/amsfonts/cm/cmr6.pfb></usr/local
/texlive/2024/texmf-dist/fonts/type1/public/amsfonts/cm/cmr7.pfb></usr/local/te
xlive/2024/texmf-dist/fonts/type1/public/amsfonts/cm/cmr8.pfb></usr/local/texli
ve/2024/texmf-dist/fonts/type1/public/amsfonts/cm/cmr9.pfb></usr/local/texlive/
2024/texmf-dist/fonts/type1/public/amsfonts/cm/cmss10.pfb></usr/local/texlive/2
024/texmf-dist/fonts/type1/public/amsfonts/cm/cmss8.pfb></usr/local/texlive/202
4/texmf-dist/fonts/type1/public/amsfonts/cm/cmssbx10.pfb></usr/local/texlive/20
24/texmf-dist/fonts/type1/public/amsfonts/cm/cmssi10.pfb></usr/local/texlive/20
24/texmf-dist/fonts/type1/public/amsfonts/cm/cmsy10.pfb></usr/local/texlive/202
4/texmf-dist/fonts/type1/public/amsfonts/cm/cmsy6.pfb></usr/local/texlive/2024/
texmf-dist/fonts/type1/public/amsfonts/cm/cmsy7.pfb></usr/local/texlive/2024/te
xmf-dist/fonts/type1/public/amsfonts/cm/cmsy8.pfb></usr/local/texlive/2024/texm
f-dist/fonts/type1/public/amsfonts/cm/cmti10.pfb></usr/local/texlive/2024/texmf
-dist/fonts/type1/public/amsfonts/cm/cmti9.pfb></usr/local/texlive/2024/texmf-d
ist/fonts/type1/public/amsfonts/cm/cmtt10.pfb></usr/local/texlive/2024/texmf-di
st/fonts/type1/public/amsfonts/cm/cmtt8.pfb></usr/local/texlive/2024/texmf-dist
/fonts/type1/public/amsfonts/cm/cmtt9.pfb></usr/local/texlive/2024/texmf-dist/f
onts/type1/public/amsfonts/symbols/msam10.pfb></usr/local/texlive/2024/texmf-di
st/fonts/type1/public/amsfonts/symbols/msbm10.pfb></usr/local/texlive/2024/texm
f-dist/fonts/type1/public/cm-super/sfrm0900.pfb></usr/local/texlive/2024/texmf-
dist/fonts/type1/public/cm-super/sfrm1095.pfb></usr/local/texlive/2024/texmf-di
st/fonts/type1/public/cm-super/sfss0800.pfb></usr/local/texlive/2024/texmf-dist
/fonts/type1/public/cm-super/sftt0800.pfb></usr/local/texlive/2024/texmf-dist/f
onts/type1/urw/helvetic/uhvb8a.pfb></usr/local/texlive/2024/texmf-dist/fonts/ty
pe1/urw/helvetic/uhvr8a.pfb>
Output written on main.pdf (18 pages, 565102 bytes).
PDF statistics:
 646 PDF objects out of 1000 (max. 8388607)
 532 compressed objects within 6 object streams
 200 named destinations out of 1000 (max. 500000)
 92772 words of extra memory for PDF output out of 106986 (max. 10000000)

